<?xml version="1.0" encoding="UTF-8"?>
<testsuite name="demo.hwsw.TC1_OpenPage" tests="1" skipped="0" failures="0" errors="0" timestamp="2021-07-21T15:45:03" hostname="GEZA-LAPTOP" time="1.122">
  <properties/>
  <testcase name="test()" classname="demo.hwsw.TC1_OpenPage" time="1.122"/>
  <system-out><![CDATA[]]></system-out>
  <system-err><![CDATA[SLF4J: Failed to load class "org.slf4j.impl.StaticLoggerBinder".
SLF4J: Defaulting to no-operation (NOP) logger implementation
SLF4J: See http://www.slf4j.org/codes.html#StaticLoggerBinder for further details.
Starting ChromeDriver 91.0.4472.101 (af52a90bf87030dd1523486a1cd3ae25c5d76c9b-refs/branch-heads/4472@{#1462}) on port 19575
Only local connections are allowed.
Please see https://chromedriver.chromium.org/security-considerations for suggestions on keeping ChromeDriver safe.
ChromeDriver was started successfully.
Jul 21, 2021 5:45:03 PM org.openqa.selenium.remote.ProtocolHandshake createSession
INFO: Detected dialect: W3C
]]></system-err>
</testsuite>
